<?xml version="1.0" encoding="UTF-8"?>
<!-- Generated by org.testng.reporters.JUnitXMLReporter -->
<testsuite ignored="0" hostname="DESKTOP-M0UH53U" failures="0" tests="3" name="Login - Mutual Fund" time="25.487" errors="0" timestamp="2022-07-16T12:33:46 IST">
  <testcase classname="com.itview.testng.LoginMutualFund" name="loginAdmin" time="7.487"/>
  <testcase classname="com.itview.testng.LoginMutualFund" name="loginJsmith" time="5.062"/>
  <testcase classname="com.itview.testng.LoginMutualFund" name="loginTestUser" time="4.695"/>
</testsuite> <!-- Login - Mutual Fund -->
