-------------------------------------------------------------------------------
Test set: TestSuite
-------------------------------------------------------------------------------
Tests run: 4, Failures: 1, Errors: 0, Skipped: 0, Time elapsed: 93.23 s <<< FAILURE! - in TestSuite
outStandingAmount_10000(com.itview.testcases.CreditCard_Test)  Time elapsed: 4.152 s  <<< FAILURE!
java.lang.AssertionError: expected [15,730] but found [15,730.99]
	at com.itview.testcases.CreditCard_Test.outStandingAmount_10000(CreditCard_Test.java:43)

